[2019-10-27 20:03:48] production.ERROR: No application encryption key has been specified. {"exception":"[object] (RuntimeException(code: 0): No application encryption key has been specified. at E:\
ew\\zpg\\vendor\\laravel\\framework\\src\\Illuminate\\Encryption\\EncryptionServiceProvider.php:44)
[stacktrace]
#0 E:\
ew\\zpg\\vendor\\laravel\\framework\\src\\Illuminate\\Support\\helpers.php(422): Illuminate\\Encryption\\EncryptionServiceProvider->Illuminate\\Encryption\\{closure}(NULL)
#1 E:\
ew\\zpg\\vendor\\laravel\\framework\\src\\Illuminate\\Encryption\\EncryptionServiceProvider.php(48): tap(NULL, Object(Closure))
#2 E:\
ew\\zpg\\vendor\\laravel\\framework\\src\\Illuminate\\Encryption\\EncryptionServiceProvider.php(24): Illuminate\\Encryption\\EncryptionServiceProvider->key(Array)
#3 E:\
ew\\zpg\\vendor\\laravel\\framework\\src\\Illuminate\\Container\\Container.php(800): Illuminate\\Encryption\\EncryptionServiceProvider->Illuminate\\Encryption\\{closure}(Object(Illuminate\\Foundation\\Application), Array)
#4 E:\
ew\\zpg\\vendor\\laravel\\framework\\src\\Illuminate\\Container\\Container.php(682): Illuminate\\Container\\Container->build(Object(Closure))
#5 E:\
ew\\zpg\\vendor\\laravel\\framework\\src\\Illuminate\\Container\\Container.php(630): Illuminate\\Container\\Container->resolve('encrypter', Array)
#6 E:\
ew\\zpg\\vendor\\laravel\\framework\\src\\Illuminate\\Foundation\\Application.php(768): Illuminate\\Container\\Container->make('encrypter', Array)
#7 E:\
ew\\zpg\\vendor\\laravel\\framework\\src\\Illuminate\\Container\\Container.php(946): Illuminate\\Foundation\\Application->make('encrypter')
#8 E:\
ew\\zpg\\vendor\\laravel\\framework\\src\\Illuminate\\Container\\Container.php(874): Illuminate\\Container\\Container->resolveClass(Object(ReflectionParameter))
#9 E:\
ew\\zpg\\vendor\\laravel\\framework\\src\\Illuminate\\Container\\Container.php(835): Illuminate\\Container\\Container->resolveDependencies(Array)
#10 E:\
ew\\zpg\\vendor\\laravel\\framework\\src\\Illuminate\\Container\\Container.php(682): Illuminate\\Container\\Container->build('App\\\\Http\\\\Middle...')
#11 E:\
ew\\zpg\\vendor\\laravel\\framework\\src\\Illuminate\\Container\\Container.php(630): Illuminate\\Container\\Container->resolve('App\\\\Http\\\\Middle...', Array)
#12 E:\
ew\\zpg\\vendor\\laravel\\framework\\src\\Illuminate\\Foundation\\Application.php(768): Illuminate\\Container\\Container->make('App\\\\Http\\\\Middle...', Array)
#13 E:\
ew\\zpg\\vendor\\laravel\\framework\\src\\Illuminate\\Pipeline\\Pipeline.php(160): Illuminate\\Foundation\\Application->make('App\\\\Http\\\\Middle...')
#14 E:\
ew\\zpg\\vendor\\laravel\\framework\\src\\Illuminate\\Pipeline\\Pipeline.php(105): Illuminate\\Pipeline\\Pipeline->Illuminate\\Pipeline\\{closure}(Object(Illuminate\\Http\\Request))
#15 E:\
ew\\zpg\\vendor\\laravel\\framework\\src\\Illuminate\\Routing\\Router.php(682): Illuminate\\Pipeline\\Pipeline->then(Object(Closure))
#16 E:\
ew\\zpg\\vendor\\laravel\\framework\\src\\Illuminate\\Routing\\Router.php(657): Illuminate\\Routing\\Router->runRouteWithinStack(Object(Illuminate\\Routing\\Route), Object(Illuminate\\Http\\Request))
#17 E:\
ew\\zpg\\vendor\\laravel\\framework\\src\\Illuminate\\Routing\\Router.php(623): Illuminate\\Routing\\Router->runRoute(Object(Illuminate\\Http\\Request), Object(Illuminate\\Routing\\Route))
#18 E:\
ew\\zpg\\vendor\\laravel\\framework\\src\\Illuminate\\Routing\\Router.php(612): Illuminate\\Routing\\Router->dispatchToRoute(Object(Illuminate\\Http\\Request))
#19 E:\
ew\\zpg\\vendor\\laravel\\framework\\src\\Illuminate\\Foundation\\Http\\Kernel.php(176): Illuminate\\Routing\\Router->dispatch(Object(Illuminate\\Http\\Request))
#20 E:\
ew\\zpg\\vendor\\laravel\\framework\\src\\Illuminate\\Pipeline\\Pipeline.php(130): Illuminate\\Foundation\\Http\\Kernel->Illuminate\\Foundation\\Http\\{closure}(Object(Illuminate\\Http\\Request))
#21 E:\
ew\\zpg\\vendor\\laravel\\framework\\src\\Illuminate\\Foundation\\Http\\Middleware\\TransformsRequest.php(21): Illuminate\\Pipeline\\Pipeline->Illuminate\\Pipeline\\{closure}(Object(Illuminate\\Http\\Request))
#22 E:\
ew\\zpg\\vendor\\laravel\\framework\\src\\Illuminate\\Pipeline\\Pipeline.php(171): Illuminate\\Foundation\\Http\\Middleware\\TransformsRequest->handle(Object(Illuminate\\Http\\Request), Object(Closure))
#23 E:\
ew\\zpg\\vendor\\laravel\\framework\\src\\Illuminate\\Foundation\\Http\\Middleware\\TransformsRequest.php(21): Illuminate\\Pipeline\\Pipeline->Illuminate\\Pipeline\\{closure}(Object(Illuminate\\Http\\Request))
#24 E:\
ew\\zpg\\vendor\\laravel\\framework\\src\\Illuminate\\Pipeline\\Pipeline.php(171): Illuminate\\Foundation\\Http\\Middleware\\TransformsRequest->handle(Object(Illuminate\\Http\\Request), Object(Closure))
#25 E:\
ew\\zpg\\vendor\\laravel\\framework\\src\\Illuminate\\Foundation\\Http\\Middleware\\ValidatePostSize.php(27): Illuminate\\Pipeline\\Pipeline->Illuminate\\Pipeline\\{closure}(Object(Illuminate\\Http\\Request))
#26 E:\
ew\\zpg\\vendor\\laravel\\framework\\src\\Illuminate\\Pipeline\\Pipeline.php(171): Illuminate\\Foundation\\Http\\Middleware\\ValidatePostSize->handle(Object(Illuminate\\Http\\Request), Object(Closure))
#27 E:\
ew\\zpg\\vendor\\laravel\\framework\\src\\Illuminate\\Foundation\\Http\\Middleware\\CheckForMaintenanceMode.php(62): Illuminate\\Pipeline\\Pipeline->Illuminate\\Pipeline\\{closure}(Object(Illuminate\\Http\\Request))
#28 E:\
ew\\zpg\\vendor\\laravel\\framework\\src\\Illuminate\\Pipeline\\Pipeline.php(171): Illuminate\\Foundation\\Http\\Middleware\\CheckForMaintenanceMode->handle(Object(Illuminate\\Http\\Request), Object(Closure))
#29 E:\
ew\\zpg\\vendor\\fideloper\\proxy\\src\\TrustProxies.php(57): Illuminate\\Pipeline\\Pipeline->Illuminate\\Pipeline\\{closure}(Object(Illuminate\\Http\\Request))
#30 E:\
ew\\zpg\\vendor\\laravel\\framework\\src\\Illuminate\\Pipeline\\Pipeline.php(171): Fideloper\\Proxy\\TrustProxies->handle(Object(Illuminate\\Http\\Request), Object(Closure))
#31 E:\
ew\\zpg\\vendor\\laravel\\framework\\src\\Illuminate\\Pipeline\\Pipeline.php(105): Illuminate\\Pipeline\\Pipeline->Illuminate\\Pipeline\\{closure}(Object(Illuminate\\Http\\Request))
#32 E:\
ew\\zpg\\vendor\\laravel\\framework\\src\\Illuminate\\Foundation\\Http\\Kernel.php(151): Illuminate\\Pipeline\\Pipeline->then(Object(Closure))
#33 E:\
ew\\zpg\\vendor\\laravel\\framework\\src\\Illuminate\\Foundation\\Http\\Kernel.php(116): Illuminate\\Foundation\\Http\\Kernel->sendRequestThroughRouter(Object(Illuminate\\Http\\Request))
#34 E:\
ew\\zpg\\public\\index.php(55): Illuminate\\Foundation\\Http\\Kernel->handle(Object(Illuminate\\Http\\Request))
#35 E:\
ew\\zpg\\server.php(21): require_once('E:\\\
ew\\\\zpg\\\\publ...')
#36 {main}
"} 
[2019-10-27 20:03:49] production.ERROR: No application encryption key has been specified. {"exception":"[object] (RuntimeException(code: 0): No application encryption key has been specified. at E:\
ew\\zpg\\vendor\\laravel\\framework\\src\\Illuminate\\Encryption\\EncryptionServiceProvider.php:44)
[stacktrace]
#0 E:\
ew\\zpg\\vendor\\laravel\\framework\\src\\Illuminate\\Support\\helpers.php(422): Illuminate\\Encryption\\EncryptionServiceProvider->Illuminate\\Encryption\\{closure}(NULL)
#1 E:\
ew\\zpg\\vendor\\laravel\\framework\\src\\Illuminate\\Encryption\\EncryptionServiceProvider.php(48): tap(NULL, Object(Closure))
#2 E:\
ew\\zpg\\vendor\\laravel\\framework\\src\\Illuminate\\Encryption\\EncryptionServiceProvider.php(24): Illuminate\\Encryption\\EncryptionServiceProvider->key(Array)
#3 E:\
ew\\zpg\\vendor\\laravel\\framework\\src\\Illuminate\\Container\\Container.php(800): Illuminate\\Encryption\\EncryptionServiceProvider->Illuminate\\Encryption\\{closure}(Object(Illuminate\\Foundation\\Application), Array)
#4 E:\
ew\\zpg\\vendor\\laravel\\framework\\src\\Illuminate\\Container\\Container.php(682): Illuminate\\Container\\Container->build(Object(Closure))
#5 E:\
ew\\zpg\\vendor\\laravel\\framework\\src\\Illuminate\\Container\\Container.php(630): Illuminate\\Container\\Container->resolve('encrypter', Array)
#6 E:\
ew\\zpg\\vendor\\laravel\\framework\\src\\Illuminate\\Foundation\\Application.php(768): Illuminate\\Container\\Container->make('encrypter', Array)
#7 E:\
ew\\zpg\\vendor\\laravel\\framework\\src\\Illuminate\\Container\\Container.php(946): Illuminate\\Foundation\\Application->make('encrypter')
#8 E:\
ew\\zpg\\vendor\\laravel\\framework\\src\\Illuminate\\Container\\Container.php(874): Illuminate\\Container\\Container->resolveClass(Object(ReflectionParameter))
#9 E:\
ew\\zpg\\vendor\\laravel\\framework\\src\\Illuminate\\Container\\Container.php(835): Illuminate\\Container\\Container->resolveDependencies(Array)
#10 E:\
ew\\zpg\\vendor\\laravel\\framework\\src\\Illuminate\\Container\\Container.php(682): Illuminate\\Container\\Container->build('App\\\\Http\\\\Middle...')
#11 E:\
ew\\zpg\\vendor\\laravel\\framework\\src\\Illuminate\\Container\\Container.php(630): Illuminate\\Container\\Container->resolve('App\\\\Http\\\\Middle...', Array)
#12 E:\
ew\\zpg\\vendor\\laravel\\framework\\src\\Illuminate\\Foundation\\Application.php(768): Illuminate\\Container\\Container->make('App\\\\Http\\\\Middle...', Array)
#13 E:\
ew\\zpg\\vendor\\laravel\\framework\\src\\Illuminate\\Foundation\\Http\\Kernel.php(215): Illuminate\\Foundation\\Application->make('App\\\\Http\\\\Middle...')
#14 E:\
ew\\zpg\\vendor\\laravel\\framework\\src\\Illuminate\\Foundation\\Http\\Kernel.php(189): Illuminate\\Foundation\\Http\\Kernel->terminateMiddleware(Object(Illuminate\\Http\\Request), Object(Illuminate\\Http\\Response))
#15 E:\
ew\\zpg\\public\\index.php(60): Illuminate\\Foundation\\Http\\Kernel->terminate(Object(Illuminate\\Http\\Request), Object(Illuminate\\Http\\Response))
#16 E:\
ew\\zpg\\server.php(21): require_once('E:\\\
ew\\\\zpg\\\\publ...')
#17 {main}
"} 
